<?xml version="1.0" encoding="UTF-8"?>
<testsuite name="pet.scala.s99.AppSuite" tests="1" skipped="0" failures="0" errors="0" timestamp="2021-03-01T17:38:48" hostname="raspberrypi" time="0.105">
  <properties/>
  <testcase name="App has a greeting" classname="pet.scala.s99.AppSuite" time="0.105"/>
  <system-out><![CDATA[]]></system-out>
  <system-err><![CDATA[]]></system-err>
</testsuite>
